Starting dSprites Latent Recovery Experiment...
Experiment 2: Dropping Ellipses (Class 1) and using AND logic...
Constructing Biased Training Set (p=0.9)...
Training Set Size: 8924
Training Class Balance: Pos=4462 (50.00%), Neg=4462 (50.00%)
Constructing OOD Test Set (p=0.5)...
OOD Test Set Size: 330
ID Test Set Size: 118
Running on device: cuda

Training Depth 3...
Using device: cuda
Early stopping (case-2) triggered at epoch 19 with val_loss 0.5078 and train_error 0.0000
Depth 3: ID Acc = 0.7881, OOD Acc = 0.7818
Computing Latent CKA...
Running Linear Probes...
Computing Inter-Layer CKA...

Training Depth 4...
Using device: cuda
Early stopping (case-2) triggered at epoch 24 with val_loss 0.5466 and train_error 0.0000
Depth 4: ID Acc = 0.7881, OOD Acc = 0.7848
Computing Latent CKA...
Running Linear Probes...
Computing Inter-Layer CKA...

Training Depth 5...
Using device: cuda
Early stopping (case-2) triggered at epoch 23 with val_loss 0.5542 and train_error 0.0000
Depth 5: ID Acc = 0.7712, OOD Acc = 0.7667
Computing Latent CKA...
Running Linear Probes...
Computing Inter-Layer CKA...

Training Depth 6...
Using device: cuda
Early stopping (case-2) triggered at epoch 30 with val_loss 0.5799 and train_error 0.0000
Depth 6: ID Acc = 0.7627, OOD Acc = 0.7818
Computing Latent CKA...
Running Linear Probes...
Computing Inter-Layer CKA...

Training Depth 7...
Using device: cuda
Early stopping (case-2) triggered at epoch 49 with val_loss 0.5842 and train_error 0.0000
Depth 7: ID Acc = 0.7797, OOD Acc = 0.7758
Computing Latent CKA...
Running Linear Probes...
Computing Inter-Layer CKA...

Training Depth 8...
Using device: cuda
Early stopping (case-2) triggered at epoch 52 with val_loss 0.5427 and train_error 0.0000
Depth 8: ID Acc = 0.7712, OOD Acc = 0.7727
Computing Latent CKA...
Running Linear Probes...
Computing Inter-Layer CKA...

generating summary plots...
Experiment Complete.
