Starting dSprites Latent Recovery Experiment...
Experiment 2: Dropping Ellipses (Class 1) and using AND logic...
Constructing Biased Training Set (p=0.9)...
Training Set Size: 3636
Training Class Balance: Pos=1818 (50.00%), Neg=1818 (50.00%)
Constructing OOD Test Set (p=0.5)...
OOD Test Set Size: 330
ID Test Set Size: 118
Running on device: cuda

Training Depth 3...
Using device: cuda
Early stopping (case-2) triggered at epoch 19 with val_loss 0.5348 and train_error 0.0000
Depth 3: ID Acc = 0.7966, OOD Acc = 0.7303
Computing Latent CKA...
Running Linear Probes...
Computing Inter-Layer CKA...

Training Depth 4...
Using device: cuda
Early stopping (case-2) triggered at epoch 19 with val_loss 0.5404 and train_error 0.0000
Depth 4: ID Acc = 0.7797, OOD Acc = 0.7242
Computing Latent CKA...
Running Linear Probes...
Computing Inter-Layer CKA...

Training Depth 5...
Using device: cuda
Early stopping (case-2) triggered at epoch 20 with val_loss 0.5435 and train_error 0.0000
Depth 5: ID Acc = 0.7881, OOD Acc = 0.7121
Computing Latent CKA...
Running Linear Probes...
Computing Inter-Layer CKA...

Training Depth 6...
Using device: cuda
Early stopping (case-2) triggered at epoch 30 with val_loss 0.5141 and train_error 0.0000
Depth 6: ID Acc = 0.8051, OOD Acc = 0.7515
Computing Latent CKA...
Running Linear Probes...
Computing Inter-Layer CKA...

Training Depth 7...
Using device: cuda
Early stopping (case-2) triggered at epoch 35 with val_loss 0.5851 and train_error 0.0000
Depth 7: ID Acc = 0.8814, OOD Acc = 0.7485
Computing Latent CKA...
Running Linear Probes...
Computing Inter-Layer CKA...

Training Depth 8...
Using device: cuda
Early stopping (case-2) triggered at epoch 52 with val_loss 0.5517 and train_error 0.0000
Depth 8: ID Acc = 0.8305, OOD Acc = 0.7394
Computing Latent CKA...
Running Linear Probes...
Computing Inter-Layer CKA...

generating summary plots...
Experiment Complete.
