Starting dSprites Latent Recovery Experiment...
Experiment 2: Dropping Ellipses (Class 1) and using AND logic...
Constructing Biased Training Set (p=0.9)...
Training Set Size: 7258
Training Class Balance: Pos=3629 (50.00%), Neg=3629 (50.00%)
Constructing OOD Test Set (p=0.5)...
OOD Test Set Size: 330
ID Test Set Size: 118
Running on device: cuda

Training Depth 3...
Using device: cuda
Early stopping (case-2) triggered at epoch 16 with val_loss 0.3854 and train_error 0.0000
Depth 3: ID Acc = 0.6441, OOD Acc = 0.7242
Computing Latent CKA...
Running Linear Probes...
Computing Inter-Layer CKA...

Training Depth 4...
Using device: cuda
Early stopping (case-2) triggered at epoch 17 with val_loss 0.4005 and train_error 0.0000
Depth 4: ID Acc = 0.6102, OOD Acc = 0.7242
Computing Latent CKA...
Running Linear Probes...
Computing Inter-Layer CKA...

Training Depth 5...
Using device: cuda
Early stopping (case-2) triggered at epoch 26 with val_loss 0.4547 and train_error 0.0000
Depth 5: ID Acc = 0.6441, OOD Acc = 0.7364
Computing Latent CKA...
Running Linear Probes...
Computing Inter-Layer CKA...

Training Depth 6...
Using device: cuda
Early stopping (case-2) triggered at epoch 31 with val_loss 0.4558 and train_error 0.0000
Depth 6: ID Acc = 0.6271, OOD Acc = 0.7364
Computing Latent CKA...
Running Linear Probes...
Computing Inter-Layer CKA...

Training Depth 7...
Using device: cuda
Early stopping (case-2) triggered at epoch 29 with val_loss 0.3870 and train_error 0.0000
Depth 7: ID Acc = 0.6271, OOD Acc = 0.7303
Computing Latent CKA...
Running Linear Probes...
Computing Inter-Layer CKA...

Training Depth 8...
Using device: cuda
Early stopping (case-2) triggered at epoch 45 with val_loss 0.4129 and train_error 0.0000
Depth 8: ID Acc = 0.6356, OOD Acc = 0.7364
Computing Latent CKA...
Running Linear Probes...
Computing Inter-Layer CKA...

generating summary plots...
Experiment Complete.
